Arguments: 
  C:\Program Files\nodejs\node.exe C:\Program Files (x86)\Yarn\bin\yarn.js add slidev --dev

PATH: 
  C:\Program Files\PowerShell\7-preview;C:\Program Files\Python312\Scripts\;C:\Program Files\Python312\;C:\Program Files (x86)\VMware\VMware Workstation\bin\;C:\Program Files (x86)\Common Files\Intel\Shared Libraries\redist\intel64\compiler;C:\Program Files\NVIDIA GPU Computing Toolkit\CUDA\v12.1\bin;C:\Program Files\NVIDIA GPU Computing Toolkit\CUDA\v12.1\libnvvp;C:\Program Files\Eclipse Adoptium\jdk-11.0.15.10-hotspot\bin;C:\Program Files\Microsoft\jdk-11.0.16.101-hotspot\bin;C:\Program Files (x86)\NVIDIA Corporation\PhysX\Common;C:\Program Files (x86)\ActiveState Komodo IDE 12\;C:\Windows\system32;C:\Windows;C:\Windows\System32\Wbem;C:\Windows\System32\WindowsPowerShell\v1.0\;C:\Windows\System32\OpenSSH\;C:\Program Files\CMake\bin;C:\Program Files\gsudo\Current;C:\Program Files\Neovide\;C:\Program Files\nu\bin\;C:\Program Files\GitHub CLI\;C:\Users\aarmn\AppData\Roaming\nvm;C:\Program Files\nodejs;C:\Program Files (x86)\Yarn\bin\;C:\ProgramData\chocolatey\bin;C:\Program Files\Microsoft SQL Server\Client SDK\ODBC\170\Tools\Binn\;C:\Program Files\Microsoft SQL Server\150\Tools\Binn\;C:\Program Files\dotnet\;C:\Program Files (x86)\Microsoft SQL Server\150\Tools\Binn\;C:\Program Files\Microsoft SQL Server\150\DTS\Binn\;C:\Program Files (x86)\Windows Kits\8.1\Windows Performance Toolkit\;C:\Program Files (x86)\IncrediBuild;C:\Program Files\WezTerm;C:\Program Files\NVIDIA Corporation\Nsight Compute 2023.1.0\;C:\Program Files\NVIDIA Corporation\NVIDIA NvDLISR;C:\Users\aarmn\.wasmer\bin;C:\Users\aarmn\.wasmer\globals\wapm_packages\.bin;C:\Program Files\Microchip\xc8\v2.36\bin;D:\Program Files\Microchip\xc8\v2.36\bin;C:\Program Files\RedHat\Podman\;C:\Program Files\Docker\Docker\resources\bin;C:\Program Files\Kubernetes\Minikube;C:\Program Files (x86)\Common Files\Acronis\SnapAPI\;C:\Program Files (x86)\Bitvise SSH Client;D:\flutter\bin;C:\Program Files\PowerShell\7-preview\preview;c:\Users\aarmn\AppData\Local\Programs\cursor\resources\app\bin;C:\Program Files\Mullvad VPN\resources;C:\Users\aarmn\scoop\apps\mingw-winlibs\current\bin;C:\Users\aarmn\scoop\apps\kotlin-native\current\bin;C:\Users\aarmn\scoop\apps\haxe\current;C:\Users\aarmn\scoop\apps\graalvm22\current\bin;C:\Users\aarmn\.console-ninja\.bin;C:\Program Files\Conan\conan;C:\Program Files (x86)\Elm\0.19.1\bin;C:\Users\aarmn\scoop\apps\qemu\current;C:\Users\aarmn\scoop\apps\elixir\current\bin;C:\Users\aarmn\AppData\Local\Programs\Python\Launcher\;C:\Users\aarmn\scoop\apps\neko\current;C:\Users\aarmn\scoop\apps\aircrack-ng\current\bin;C:\Users\aarmn\.nimble\bin;C:\Users\aarmn\scoop\apps\python\current\Scripts;C:\Users\aarmn\scoop\apps\python\current;C:\Users\aarmn\scoop\shims;C:\Users\aarmn\.cargo\bin;C:\Users\aarmn\anaconda3;C:\Users\aarmn\anaconda3\Library\mingw-w64\bin;C:\Users\aarmn\anaconda3\Library\usr\bin;C:\Users\aarmn\anaconda3\Library\bin;C:\Users\aarmn\anaconda3\Scripts;C:\Users\aarmn\AppData\Local\activestate\cache\bin;C:\Users\aarmn\AppData\Local\ActiveState\StateTool\release\bin;C:\Users\aarmn\AppData\Local\Microsoft\WindowsApps;C:\Users\aarmn\AppData\Local\Programs\Microsoft VS Code\bin;C:\Users\aarmn\AppData\Local\GitHubDesktop\bin;C:\Users\aarmn\AppData\Roaming\npm;C:\Users\aarmn\AppData\Local\Programs\Rancher Desktop\resources\resources\win32\bin;C:\Users\aarmn\AppData\Local\Programs\Rancher Desktop\resources\resources\linux\bin;C:\Users\aarmn\AppData\Local\Microsoft\WinGet\Packages\UPX.UPX_Microsoft.Winget.Source_8wekyb3d8bbwe;C:\Users\aarmn\AppData\Local\Microsoft\WinGet\Packages\Microsoft.NuGet_Microsoft.Winget.Source_8wekyb3d8bbwe;C:\Users\aarmn\AppData\Local\Programs\Neovim\bin;C:\Users\aarmn\AppData\Local\Microsoft\WinGet\Packages\Genymobile.scrcpy_Microsoft.Winget.Source_8wekyb3d8bbwe;C:\Users\aarmn\AppData\Roaming\nvm;C:\Program Files\nodejs;C:\Users\aarmn\AppData\Local\Yarn\bin;C:\Users\aarmn\.dotnet\tools;C:\Users\aarmn\AppData\Local\Microsoft\WinGet\Packages\Watfaq.PowerSession_Microsoft.Winget.Source_8wekyb3d8bbwe;C:\Users\aarmn\AppData\Local\Gource\cmd;C:\Users\aarmn\AppData\Local\Microsoft\WinGet\Packages\youtube-dl.youtube-dl_Microsoft.Winget.Source_8wekyb3d8bbwe;C:\Users\aarmn\AppData\Local\Microsoft\WinGet\Packages\MikeFarah.yq_Microsoft.Winget.Source_8wekyb3d8bbwe;C:\Users\aarmn\AppData\Local\Microsoft\WinGet\Packages\junegunn.fzf_Microsoft.Winget.Source_8wekyb3d8bbwe;C:\Users\aarmn\AppData\Local\Microsoft\WinGet\Packages\JFrog.Cli_Microsoft.Winget.Source_8wekyb3d8bbwe;C:\Users\aarmn\.wasmer\bin;C:\Users\aarmn\AppData\Local\Microsoft\WinGet\Packages\charmbracelet.gum_Microsoft.Winget.Source_8wekyb3d8bbwe;C:\Users\aarmn\AppData\Local\Programs\Microsoft VS Code Insiders\bin;D:\Program Files\JetBrains\DataGrip 2023.2\bin;C:\Users\aarmn\AppData\Local\Microsoft\WinGet\Links;D:\Program Files\JetBrains\RustRover 233.14015.153\bin;;C:\Users\aarmn\AppData\Local\JetBrains\Toolbox\scripts;C:\Users\aarmn\.fly\bin

Yarn version: 
  1.22.19

Node version: 
  19.9.0

Platform: 
  win32 x64

Trace: 
  Error: https://registry.yarnpkg.com/slidev: Not found
      at params.callback [as _callback] (C:\Program Files (x86)\Yarn\lib\cli.js:66145:18)
      at self.callback (C:\Program Files (x86)\Yarn\lib\cli.js:140890:22)
      at Request.emit (node:events:513:28)
      at Request.<anonymous> (C:\Program Files (x86)\Yarn\lib\cli.js:141862:10)
      at Request.emit (node:events:513:28)
      at IncomingMessage.<anonymous> (C:\Program Files (x86)\Yarn\lib\cli.js:141784:12)
      at Object.onceWrapper (node:events:627:28)
      at IncomingMessage.emit (node:events:525:35)
      at endReadableNT (node:internal/streams/readable:1359:12)
      at process.processTicksAndRejections (node:internal/process/task_queues:82:21)

npm manifest: 
  {
    "name": "wireless-networks",
    "type": "module",
    "private": true,
    "scripts": {
      "build": "slidev build",
      "dev": "slidev --open",
      "export": "slidev export"
    },
    "dependencies": {
      "@slidev/cli": "^0.49.0-beta.4",
      "@slidev/theme-default": "latest",
      "@slidev/theme-seriph": "latest",
      "vue": "^3.4.22"
    }
  }

yarn manifest: 
  No manifest

Lockfile: 
  No lockfile
